N2730015194_OCT_2023
(258,)
ID: 258
File '/var/www/html/public/python_scripts/MP/MPmadhya/download/N2730015194.pdf' renamed to '/var/www/html/public/uploads/pdfElectricity/mpMadhya_N2730015194_OCT_2023.pdf'.
File '/var/www/html/public/python_scripts/MP/MPmadhya/download/N2730015194.pdf' not found.
N2945028727_OCT_2023
(260,)
ID: 260
File '/var/www/html/public/python_scripts/MP/MPmadhya/download/N2945028727.pdf' renamed to '/var/www/html/public/uploads/pdfElectricity/mpMadhya_N2945028727_OCT_2023.pdf'.
File '/var/www/html/public/python_scripts/MP/MPmadhya/download/N2945028727.pdf' not found.
N2413013700_SEP_2023
(189,)
ID: 189
File '/var/www/html/public/python_scripts/MP/MPmadhya/download/N2413013700.pdf' renamed to '/var/www/html/public/uploads/pdfElectricity/mpMadhya_N2413013700_SEP_2023.pdf'.
File '/var/www/html/public/python_scripts/MP/MPmadhya/download/N2413013700.pdf' not found.
N2178005886_OCT_2023
(190,)
ID: 190
File '/var/www/html/public/python_scripts/MP/MPmadhya/download/N2178005886.pdf' renamed to '/var/www/html/public/uploads/pdfElectricity/mpMadhya_N2178005886_OCT_2023.pdf'.
File '/var/www/html/public/python_scripts/MP/MPmadhya/download/N2178005886.pdf' not found.
N2468018963_OCT_2023
(191,)
ID: 191
File '/var/www/html/public/python_scripts/MP/MPmadhya/download/N2468018963.pdf' renamed to '/var/www/html/public/uploads/pdfElectricity/mpMadhya_N2468018963_OCT_2023.pdf'.
File '/var/www/html/public/python_scripts/MP/MPmadhya/download/N2468018963.pdf' not found.
N2443015634_SEP_2023
(192,)
ID: 192
File '/var/www/html/public/python_scripts/MP/MPmadhya/download/N2443015634.pdf' renamed to '/var/www/html/public/uploads/pdfElectricity/mpMadhya_N2443015634_SEP_2023.pdf'.
File '/var/www/html/public/python_scripts/MP/MPmadhya/download/N2443015634.pdf' not found.
N2541001920_OCT_2023
(193,)
ID: 193
File '/var/www/html/public/python_scripts/MP/MPmadhya/download/N2541001920.pdf' renamed to '/var/www/html/public/uploads/pdfElectricity/mpMadhya_N2541001920_OCT_2023.pdf'.
File '/var/www/html/public/python_scripts/MP/MPmadhya/download/N2541001920.pdf' not found.
N2775018175_SEP_2023
(194,)
ID: 194
File '/var/www/html/public/python_scripts/MP/MPmadhya/download/N2775018175.pdf' renamed to '/var/www/html/public/uploads/pdfElectricity/mpMadhya_N2775018175_SEP_2023.pdf'.
File '/var/www/html/public/python_scripts/MP/MPmadhya/download/N2775018175.pdf' not found.
N2400016517_SEP_2023
(195,)
ID: 195
File '/var/www/html/public/python_scripts/MP/MPmadhya/download/N2400016517.pdf' renamed to '/var/www/html/public/uploads/pdfElectricity/mpMadhya_N2400016517_SEP_2023.pdf'.
File '/var/www/html/public/python_scripts/MP/MPmadhya/download/N2400016517.pdf' not found.
N2508024198_OCT_2023
(196,)
ID: 196
File '/var/www/html/public/python_scripts/MP/MPmadhya/download/N2508024198.pdf' renamed to '/var/www/html/public/uploads/pdfElectricity/mpMadhya_N2508024198_OCT_2023.pdf'.
File '/var/www/html/public/python_scripts/MP/MPmadhya/download/N2508024198.pdf' not found.
N2251021724_OCT_2023
(197,)
ID: 197
File '/var/www/html/public/python_scripts/MP/MPmadhya/download/N2251021724.pdf' renamed to '/var/www/html/public/uploads/pdfElectricity/mpMadhya_N2251021724_OCT_2023.pdf'.
File '/var/www/html/public/python_scripts/MP/MPmadhya/download/N2251021724.pdf' not found.
N2603003181_OCT_2023
(198,)
ID: 198
File '/var/www/html/public/python_scripts/MP/MPmadhya/download/N2603003181.pdf' renamed to '/var/www/html/public/uploads/pdfElectricity/mpMadhya_N2603003181_OCT_2023.pdf'.
File '/var/www/html/public/python_scripts/MP/MPmadhya/download/N2603003181.pdf' not found.
N2433023122_OCT_2023
(199,)
ID: 199
File '/var/www/html/public/python_scripts/MP/MPmadhya/download/N2433023122.pdf' renamed to '/var/www/html/public/uploads/pdfElectricity/mpMadhya_N2433023122_OCT_2023.pdf'.
File '/var/www/html/public/python_scripts/MP/MPmadhya/download/N2433023122.pdf' not found.
N2775021933_SEP_2023
(200,)
ID: 200
File '/var/www/html/public/python_scripts/MP/MPmadhya/download/N2775021933.pdf' renamed to '/var/www/html/public/uploads/pdfElectricity/mpMadhya_N2775021933_SEP_2023.pdf'.
File '/var/www/html/public/python_scripts/MP/MPmadhya/download/N2775021933.pdf' not found.
N2419059151_OCT_2023
(201,)
ID: 201
File '/var/www/html/public/python_scripts/MP/MPmadhya/download/N2419059151.pdf' renamed to '/var/www/html/public/uploads/pdfElectricity/mpMadhya_N2419059151_OCT_2023.pdf'.
File '/var/www/html/public/python_scripts/MP/MPmadhya/download/N2419059151.pdf' not found.
N2203028278_OCT_2023
(202,)
ID: 202
File '/var/www/html/public/python_scripts/MP/MPmadhya/download/N2203028278.pdf' renamed to '/var/www/html/public/uploads/pdfElectricity/mpMadhya_N2203028278_OCT_2023.pdf'.
File '/var/www/html/public/python_scripts/MP/MPmadhya/download/N2203028278.pdf' not found.
N2317040560_OCT_2023
(255,)
ID: 255
File '/var/www/html/public/python_scripts/MP/MPmadhya/download/N2317040560.pdf' renamed to '/var/www/html/public/uploads/pdfElectricity/mpMadhya_N2317040560_OCT_2023.pdf'.
File '/var/www/html/public/python_scripts/MP/MPmadhya/download/N2317040560.pdf' not found.
N2945019777_OCT_2023
(259,)
ID: 259
File '/var/www/html/public/python_scripts/MP/MPmadhya/download/N2945019777.pdf' renamed to '/var/www/html/public/uploads/pdfElectricity/mpMadhya_N2945019777_OCT_2023.pdf'.
File '/var/www/html/public/python_scripts/MP/MPmadhya/download/N2945019777.pdf' not found.
MP_madhya_EB work is commpleted successfully
N2603003181_OCT_2023
(198,)
ID: 198
Traceback (most recent call last):
  File "/home/ec2-user/.local/lib/python3.8/site-packages/mysql/connector/connection_cext.py", line 633, in cmd_query
    self._cmysql.query(
_mysql_connector.MySQLInterfaceError: Unknown column 'power_load' in 'field list'

The above exception was the direct cause of the following exception:

Traceback (most recent call last):
  File "/var/www/html/public/python_scripts/MP/MPmadhya/data_ex_madhya.py", line 119, in <module>
    cursor.execute(insert_query, (id_value,bill_no, Bill_date, Bill_amount, C_units,pdf_file, D_load,year, S_load1,month_numeric,current_date,'1'))
  File "/home/ec2-user/.local/lib/python3.8/site-packages/mysql/connector/cursor_cext.py", line 330, in execute
    result = self._cnx.cmd_query(
  File "/home/ec2-user/.local/lib/python3.8/site-packages/mysql/connector/opentelemetry/context_propagation.py", line 77, in wrapper
    return method(cnx, *args, **kwargs)
  File "/home/ec2-user/.local/lib/python3.8/site-packages/mysql/connector/connection_cext.py", line 641, in cmd_query
    raise get_mysql_exception(
mysql.connector.errors.ProgrammingError: 1054 (42S22): Unknown column 'power_load' in 'field list'
